[0.345s] Invoking command in '/home/rolka/ros2_ws/build/my_robot_controller': PYTHONPATH=/home/rolka/ros2_ws/build/my_robot_controller/prefix_override:/home/rolka/ros2_ws/install/my_robot_controller/lib/python3.10/site-packages:${PYTHONPATH} /usr/bin/python3 -W ignore:setup.py install is deprecated setup.py develop --uninstall --editable --build-directory /home/rolka/ros2_ws/build/my_robot_controller/build
[0.457s] running develop
[0.517s] Removing /home/rolka/ros2_ws/install/my_robot_controller/lib/python3.10/site-packages/my-robot-controller.egg-link (link to .)
[0.529s] Invoked command in '/home/rolka/ros2_ws/build/my_robot_controller' returned '0': PYTHONPATH=/home/rolka/ros2_ws/build/my_robot_controller/prefix_override:/home/rolka/ros2_ws/install/my_robot_controller/lib/python3.10/site-packages:${PYTHONPATH} /usr/bin/python3 -W ignore:setup.py install is deprecated setup.py develop --uninstall --editable --build-directory /home/rolka/ros2_ws/build/my_robot_controller/build
[0.530s] Invoking command in '/home/rolka/ros2_ws/src/my_robot_controller': PYTHONPATH=/home/rolka/ros2_ws/build/my_robot_controller/prefix_override:/home/rolka/ros2_ws/install/my_robot_controller/lib/python3.10/site-packages:${PYTHONPATH} /usr/bin/python3 -W ignore:setup.py install is deprecated setup.py egg_info --egg-base ../../build/my_robot_controller build --build-base /home/rolka/ros2_ws/build/my_robot_controller/build install --record /home/rolka/ros2_ws/build/my_robot_controller/install.log --single-version-externally-managed install_data --force
[0.633s] running egg_info
[0.634s] writing ../../build/my_robot_controller/my_robot_controller.egg-info/PKG-INFO
[0.634s] writing dependency_links to ../../build/my_robot_controller/my_robot_controller.egg-info/dependency_links.txt
[0.634s] writing entry points to ../../build/my_robot_controller/my_robot_controller.egg-info/entry_points.txt
[0.635s] writing requirements to ../../build/my_robot_controller/my_robot_controller.egg-info/requires.txt
[0.635s] writing top-level names to ../../build/my_robot_controller/my_robot_controller.egg-info/top_level.txt
[0.636s] reading manifest file '../../build/my_robot_controller/my_robot_controller.egg-info/SOURCES.txt'
[0.636s] writing manifest file '../../build/my_robot_controller/my_robot_controller.egg-info/SOURCES.txt'
[0.636s] running build
[0.636s] running build_py
[0.637s] copying my_robot_controller/my_first_node.py -> /home/rolka/ros2_ws/build/my_robot_controller/build/lib/my_robot_controller
[0.637s] copying my_robot_controller/draw_circle.py -> /home/rolka/ros2_ws/build/my_robot_controller/build/lib/my_robot_controller
[0.637s] copying my_robot_controller/pose_subscriber.py -> /home/rolka/ros2_ws/build/my_robot_controller/build/lib/my_robot_controller
[0.637s] copying my_robot_controller/turtle_controller.py -> /home/rolka/ros2_ws/build/my_robot_controller/build/lib/my_robot_controller
[0.637s] running install
[0.637s] running install_lib
[0.637s] creating /home/rolka/ros2_ws/install/my_robot_controller/lib/python3.10/site-packages/my_robot_controller
[0.638s] copying /home/rolka/ros2_ws/build/my_robot_controller/build/lib/my_robot_controller/my_first_node.py -> /home/rolka/ros2_ws/install/my_robot_controller/lib/python3.10/site-packages/my_robot_controller
[0.638s] copying /home/rolka/ros2_ws/build/my_robot_controller/build/lib/my_robot_controller/draw_circle.py -> /home/rolka/ros2_ws/install/my_robot_controller/lib/python3.10/site-packages/my_robot_controller
[0.638s] copying /home/rolka/ros2_ws/build/my_robot_controller/build/lib/my_robot_controller/pose_subscriber.py -> /home/rolka/ros2_ws/install/my_robot_controller/lib/python3.10/site-packages/my_robot_controller
[0.638s] copying /home/rolka/ros2_ws/build/my_robot_controller/build/lib/my_robot_controller/turtle_controller.py -> /home/rolka/ros2_ws/install/my_robot_controller/lib/python3.10/site-packages/my_robot_controller
[0.638s] copying /home/rolka/ros2_ws/build/my_robot_controller/build/lib/my_robot_controller/__init__.py -> /home/rolka/ros2_ws/install/my_robot_controller/lib/python3.10/site-packages/my_robot_controller
[0.638s] byte-compiling /home/rolka/ros2_ws/install/my_robot_controller/lib/python3.10/site-packages/my_robot_controller/my_first_node.py to my_first_node.cpython-310.pyc
[0.638s] byte-compiling /home/rolka/ros2_ws/install/my_robot_controller/lib/python3.10/site-packages/my_robot_controller/draw_circle.py to draw_circle.cpython-310.pyc
[0.639s] byte-compiling /home/rolka/ros2_ws/install/my_robot_controller/lib/python3.10/site-packages/my_robot_controller/pose_subscriber.py to pose_subscriber.cpython-310.pyc
[0.639s] byte-compiling /home/rolka/ros2_ws/install/my_robot_controller/lib/python3.10/site-packages/my_robot_controller/turtle_controller.py to turtle_controller.cpython-310.pyc
[0.639s] byte-compiling /home/rolka/ros2_ws/install/my_robot_controller/lib/python3.10/site-packages/my_robot_controller/__init__.py to __init__.cpython-310.pyc
[0.639s] running install_data
[0.639s] copying resource/my_robot_controller -> /home/rolka/ros2_ws/install/my_robot_controller/share/ament_index/resource_index/packages
[0.640s] copying package.xml -> /home/rolka/ros2_ws/install/my_robot_controller/share/my_robot_controller
[0.640s] running install_egg_info
[0.641s] Copying ../../build/my_robot_controller/my_robot_controller.egg-info to /home/rolka/ros2_ws/install/my_robot_controller/lib/python3.10/site-packages/my_robot_controller-0.0.0-py3.10.egg-info
[0.641s] running install_scripts
[0.650s] Installing draw_circle script to /home/rolka/ros2_ws/install/my_robot_controller/lib/my_robot_controller
[0.651s] Installing pose_subscriber script to /home/rolka/ros2_ws/install/my_robot_controller/lib/my_robot_controller
[0.651s] Installing test_node script to /home/rolka/ros2_ws/install/my_robot_controller/lib/my_robot_controller
[0.651s] Installing turtle_controller script to /home/rolka/ros2_ws/install/my_robot_controller/lib/my_robot_controller
[0.651s] writing list of installed files to '/home/rolka/ros2_ws/build/my_robot_controller/install.log'
[0.662s] Invoked command in '/home/rolka/ros2_ws/src/my_robot_controller' returned '0': PYTHONPATH=/home/rolka/ros2_ws/build/my_robot_controller/prefix_override:/home/rolka/ros2_ws/install/my_robot_controller/lib/python3.10/site-packages:${PYTHONPATH} /usr/bin/python3 -W ignore:setup.py install is deprecated setup.py egg_info --egg-base ../../build/my_robot_controller build --build-base /home/rolka/ros2_ws/build/my_robot_controller/build install --record /home/rolka/ros2_ws/build/my_robot_controller/install.log --single-version-externally-managed install_data --force
