[0.374s] Invoking command in '/home/rolka/ros2_ws/src/my_robot_controller': PYTHONPATH=/home/rolka/ros2_ws/build/my_robot_controller/prefix_override:/home/rolka/ros2_ws/install/my_robot_controller/lib/python3.10/site-packages:${PYTHONPATH} /usr/bin/python3 -W ignore:setup.py install is deprecated setup.py egg_info --egg-base ../../build/my_robot_controller build --build-base /home/rolka/ros2_ws/build/my_robot_controller/build install --record /home/rolka/ros2_ws/build/my_robot_controller/install.log --single-version-externally-managed install_data
[0.490s] running egg_info
[0.490s] writing ../../build/my_robot_controller/my_robot_controller.egg-info/PKG-INFO
[0.491s] writing dependency_links to ../../build/my_robot_controller/my_robot_controller.egg-info/dependency_links.txt
[0.491s] writing entry points to ../../build/my_robot_controller/my_robot_controller.egg-info/entry_points.txt
[0.491s] writing requirements to ../../build/my_robot_controller/my_robot_controller.egg-info/requires.txt
[0.491s] writing top-level names to ../../build/my_robot_controller/my_robot_controller.egg-info/top_level.txt
[0.492s] reading manifest file '../../build/my_robot_controller/my_robot_controller.egg-info/SOURCES.txt'
[0.492s] writing manifest file '../../build/my_robot_controller/my_robot_controller.egg-info/SOURCES.txt'
[0.493s] running build
[0.493s] running build_py
[0.493s] copying my_robot_controller/my_first_node.py -> /home/rolka/ros2_ws/build/my_robot_controller/build/lib/my_robot_controller
[0.493s] copying my_robot_controller/__init__.py -> /home/rolka/ros2_ws/build/my_robot_controller/build/lib/my_robot_controller
[0.493s] running install
[0.493s] running install_lib
[0.493s] copying /home/rolka/ros2_ws/build/my_robot_controller/build/lib/my_robot_controller/my_first_node.py -> /home/rolka/ros2_ws/install/my_robot_controller/lib/python3.10/site-packages/my_robot_controller
[0.494s] copying /home/rolka/ros2_ws/build/my_robot_controller/build/lib/my_robot_controller/__init__.py -> /home/rolka/ros2_ws/install/my_robot_controller/lib/python3.10/site-packages/my_robot_controller
[0.494s] byte-compiling /home/rolka/ros2_ws/install/my_robot_controller/lib/python3.10/site-packages/my_robot_controller/my_first_node.py to my_first_node.cpython-310.pyc
[0.495s] byte-compiling /home/rolka/ros2_ws/install/my_robot_controller/lib/python3.10/site-packages/my_robot_controller/__init__.py to __init__.cpython-310.pyc
[0.496s] running install_data
[0.496s] running install_egg_info
[0.496s] removing '/home/rolka/ros2_ws/install/my_robot_controller/lib/python3.10/site-packages/my_robot_controller-0.0.0-py3.10.egg-info' (and everything under it)
[0.497s] Copying ../../build/my_robot_controller/my_robot_controller.egg-info to /home/rolka/ros2_ws/install/my_robot_controller/lib/python3.10/site-packages/my_robot_controller-0.0.0-py3.10.egg-info
[0.498s] running install_scripts
[0.508s] Installing test_node script to /home/rolka/ros2_ws/install/my_robot_controller/lib/my_robot_controller
[0.508s] writing list of installed files to '/home/rolka/ros2_ws/build/my_robot_controller/install.log'
[0.521s] Invoked command in '/home/rolka/ros2_ws/src/my_robot_controller' returned '0': PYTHONPATH=/home/rolka/ros2_ws/build/my_robot_controller/prefix_override:/home/rolka/ros2_ws/install/my_robot_controller/lib/python3.10/site-packages:${PYTHONPATH} /usr/bin/python3 -W ignore:setup.py install is deprecated setup.py egg_info --egg-base ../../build/my_robot_controller build --build-base /home/rolka/ros2_ws/build/my_robot_controller/build install --record /home/rolka/ros2_ws/build/my_robot_controller/install.log --single-version-externally-managed install_data
