[0.289s] Invoking command in '/home/rolka/ros2_ws/src/my_robot_controller': PYTHONPATH=/home/rolka/ros2_ws/build/my_robot_controller/prefix_override:/home/rolka/ros2_ws/install/my_robot_controller/lib/python3.10/site-packages:${PYTHONPATH} /usr/bin/python3 -W ignore:setup.py install is deprecated setup.py egg_info --egg-base ../../build/my_robot_controller build --build-base /home/rolka/ros2_ws/build/my_robot_controller/build install --record /home/rolka/ros2_ws/build/my_robot_controller/install.log --single-version-externally-managed install_data
[0.393s] running egg_info
[0.393s] writing ../../build/my_robot_controller/my_robot_controller.egg-info/PKG-INFO
[0.393s] writing dependency_links to ../../build/my_robot_controller/my_robot_controller.egg-info/dependency_links.txt
[0.393s] writing entry points to ../../build/my_robot_controller/my_robot_controller.egg-info/entry_points.txt
[0.393s] writing requirements to ../../build/my_robot_controller/my_robot_controller.egg-info/requires.txt
[0.394s] writing top-level names to ../../build/my_robot_controller/my_robot_controller.egg-info/top_level.txt
[0.394s] reading manifest file '../../build/my_robot_controller/my_robot_controller.egg-info/SOURCES.txt'
[0.395s] writing manifest file '../../build/my_robot_controller/my_robot_controller.egg-info/SOURCES.txt'
[0.395s] running build
[0.395s] running build_py
[0.395s] running install
[0.395s] running install_lib
[0.396s] running install_data
[0.396s] running install_egg_info
[0.396s] removing '/home/rolka/ros2_ws/install/my_robot_controller/lib/python3.10/site-packages/my_robot_controller-0.0.0-py3.10.egg-info' (and everything under it)
[0.397s] Copying ../../build/my_robot_controller/my_robot_controller.egg-info to /home/rolka/ros2_ws/install/my_robot_controller/lib/python3.10/site-packages/my_robot_controller-0.0.0-py3.10.egg-info
[0.397s] running install_scripts
[0.406s] writing list of installed files to '/home/rolka/ros2_ws/build/my_robot_controller/install.log'
[0.416s] Invoked command in '/home/rolka/ros2_ws/src/my_robot_controller' returned '0': PYTHONPATH=/home/rolka/ros2_ws/build/my_robot_controller/prefix_override:/home/rolka/ros2_ws/install/my_robot_controller/lib/python3.10/site-packages:${PYTHONPATH} /usr/bin/python3 -W ignore:setup.py install is deprecated setup.py egg_info --egg-base ../../build/my_robot_controller build --build-base /home/rolka/ros2_ws/build/my_robot_controller/build install --record /home/rolka/ros2_ws/build/my_robot_controller/install.log --single-version-externally-managed install_data
