[0.364s] Invoking command in '/home/rolka/ros2_ws/build/my_robot_controller': PYTHONPATH=/home/rolka/ros2_ws/build/my_robot_controller/prefix_override:/home/rolka/ros2_ws/install/my_robot_controller/lib/python3.10/site-packages:${PYTHONPATH} /usr/bin/python3 -W ignore:setup.py install is deprecated setup.py develop --editable --build-directory /home/rolka/ros2_ws/build/my_robot_controller/build --no-deps symlink_data
[0.484s] running develop
[0.543s] running egg_info
[0.543s] writing my_robot_controller.egg-info/PKG-INFO
[0.544s] writing dependency_links to my_robot_controller.egg-info/dependency_links.txt
[0.544s] writing entry points to my_robot_controller.egg-info/entry_points.txt
[0.545s] writing requirements to my_robot_controller.egg-info/requires.txt
[0.545s] writing top-level names to my_robot_controller.egg-info/top_level.txt
[0.545s] reading manifest file 'my_robot_controller.egg-info/SOURCES.txt'
[0.546s] writing manifest file 'my_robot_controller.egg-info/SOURCES.txt'
[0.547s] running build_ext
[0.547s] Creating /home/rolka/ros2_ws/install/my_robot_controller/lib/python3.10/site-packages/my-robot-controller.egg-link (link to .)
[0.547s] Installing draw_circle script to /home/rolka/ros2_ws/install/my_robot_controller/lib/my_robot_controller
[0.548s] Installing pose_subscriber script to /home/rolka/ros2_ws/install/my_robot_controller/lib/my_robot_controller
[0.548s] Installing test_node script to /home/rolka/ros2_ws/install/my_robot_controller/lib/my_robot_controller
[0.548s] Installing turtle_controller script to /home/rolka/ros2_ws/install/my_robot_controller/lib/my_robot_controller
[0.548s] 
[0.548s] Installed /home/rolka/ros2_ws/build/my_robot_controller
[0.549s] running symlink_data
[0.562s] Invoked command in '/home/rolka/ros2_ws/build/my_robot_controller' returned '0': PYTHONPATH=/home/rolka/ros2_ws/build/my_robot_controller/prefix_override:/home/rolka/ros2_ws/install/my_robot_controller/lib/python3.10/site-packages:${PYTHONPATH} /usr/bin/python3 -W ignore:setup.py install is deprecated setup.py develop --editable --build-directory /home/rolka/ros2_ws/build/my_robot_controller/build --no-deps symlink_data
