[0.283s] Invoking command in '/home/rolka/ros2_ws/src/build/my_robot_controller': PYTHONPATH=/home/rolka/ros2_ws/src/build/my_robot_controller/prefix_override:/home/rolka/ros2_ws/src/install/my_robot_controller/lib/python3.10/site-packages:${PYTHONPATH} /usr/bin/python3 -W ignore:setup.py install is deprecated setup.py develop --editable --build-directory /home/rolka/ros2_ws/src/build/my_robot_controller/build --no-deps symlink_data
[0.399s] running develop
[0.457s] running egg_info
[0.457s] creating my_robot_controller.egg-info
[0.457s] writing my_robot_controller.egg-info/PKG-INFO
[0.457s] writing dependency_links to my_robot_controller.egg-info/dependency_links.txt
[0.458s] writing entry points to my_robot_controller.egg-info/entry_points.txt
[0.458s] writing requirements to my_robot_controller.egg-info/requires.txt
[0.458s] writing top-level names to my_robot_controller.egg-info/top_level.txt
[0.458s] writing manifest file 'my_robot_controller.egg-info/SOURCES.txt'
[0.458s] reading manifest file 'my_robot_controller.egg-info/SOURCES.txt'
[0.459s] writing manifest file 'my_robot_controller.egg-info/SOURCES.txt'
[0.459s] running build_ext
[0.460s] Creating /home/rolka/ros2_ws/src/install/my_robot_controller/lib/python3.10/site-packages/my-robot-controller.egg-link (link to .)
[0.460s] Installing draw_circle script to /home/rolka/ros2_ws/src/install/my_robot_controller/lib/my_robot_controller
[0.460s] Installing pose_subscriber script to /home/rolka/ros2_ws/src/install/my_robot_controller/lib/my_robot_controller
[0.460s] Installing test_node script to /home/rolka/ros2_ws/src/install/my_robot_controller/lib/my_robot_controller
[0.460s] Installing turtle_controller script to /home/rolka/ros2_ws/src/install/my_robot_controller/lib/my_robot_controller
[0.460s] 
[0.460s] Installed /home/rolka/ros2_ws/src/build/my_robot_controller
[0.460s] running symlink_data
[0.460s] creating /home/rolka/ros2_ws/src/install/my_robot_controller/share/ament_index
[0.460s] creating /home/rolka/ros2_ws/src/install/my_robot_controller/share/ament_index/resource_index
[0.460s] creating /home/rolka/ros2_ws/src/install/my_robot_controller/share/ament_index/resource_index/packages
[0.461s] symbolically linking /home/rolka/ros2_ws/src/build/my_robot_controller/resource/my_robot_controller -> /home/rolka/ros2_ws/src/install/my_robot_controller/share/ament_index/resource_index/packages
[0.461s] symbolically linking /home/rolka/ros2_ws/src/build/my_robot_controller/package.xml -> /home/rolka/ros2_ws/src/install/my_robot_controller/share/my_robot_controller
[0.476s] Invoked command in '/home/rolka/ros2_ws/src/build/my_robot_controller' returned '0': PYTHONPATH=/home/rolka/ros2_ws/src/build/my_robot_controller/prefix_override:/home/rolka/ros2_ws/src/install/my_robot_controller/lib/python3.10/site-packages:${PYTHONPATH} /usr/bin/python3 -W ignore:setup.py install is deprecated setup.py develop --editable --build-directory /home/rolka/ros2_ws/src/build/my_robot_controller/build --no-deps symlink_data
